<?xml version="1.0" encoding="UTF-8"?>
<!-- Generated by org.testng.reporters.JUnitReportReporter -->
<testsuite hostname="LAPTOP-3V74QIF1" failures="0" tests="5" name="HeaderSectionTest" time="222.706" errors="0" timestamp="2024-01-29T18:25:31 IST" skipped="0">
  <testcase classname="HeaderSectionTest" name="checkHeaderSectionUI" time="20.463"/>
  <testcase classname="HeaderSectionTest" name="testNavigationToPopularPage" time="36.405"/>
  <testcase classname="HeaderSectionTest" name="testNavigationToHomePage" time="23.507"/>
  <testcase classname="HeaderSectionTest" name="testNavigationToSearchBtn" time="83.069"/>
  <testcase classname="HeaderSectionTest" name="testNavigationToAccountPage" time="59.262"/>
</testsuite> <!-- HeaderSectionTest -->
