<?xml version="1.0" encoding="UTF-8"?>
<!-- Generated by org.testng.reporters.JUnitReportReporter -->
<testsuite hostname="LAPTOP-3V74QIF1" failures="0" tests="1" name="PopularPageTest" time="89.680" errors="0" timestamp="2024-01-29T18:25:31 IST" skipped="0">
  <testcase classname="PopularPageTest" name="testPopularPageUI" time="89.680"/>
</testsuite> <!-- PopularPageTest -->
