<?xml version="1.0" encoding="UTF-8"?>
<!-- Generated by org.testng.reporters.JUnitReportReporter -->
<testsuite hostname="LAPTOP-3V74QIF1" failures="0" tests="2" name="AccountPageTest" time="85.292" errors="0" timestamp="2024-01-29T18:25:31 IST" skipped="0">
  <testcase classname="AccountPageTest" name="testAccountPageUI" time="34.723"/>
  <testcase classname="AccountPageTest" name="testLogoutBtnFunctionality" time="50.569"/>
</testsuite> <!-- AccountPageTest -->
