<?xml version="1.0" encoding="UTF-8"?>
<!-- Generated by org.testng.reporters.JUnitReportReporter -->
<testsuite hostname="LAPTOP-3V74QIF1" failures="0" tests="2" name="MovieDetailsPageTest" time="61.364" errors="0" timestamp="2024-01-29T18:25:31 IST" skipped="0">
  <testcase classname="MovieDetailsPageTest" name="testMovieDetailsHomePage" time="29.994"/>
  <testcase classname="MovieDetailsPageTest" name="testMovieDetailsPopularPage" time="31.370"/>
</testsuite> <!-- MovieDetailsPageTest -->
