<?xml version="1.0" encoding="UTF-8"?>
<!-- Generated by org.testng.reporters.JUnitReportReporter -->
<testsuite hostname="LAPTOP-3V74QIF1" failures="0" tests="6" name="LoginPageTest" time="116.280" errors="0" timestamp="2024-01-29T18:25:31 IST" skipped="0">
  <testcase classname="LoginPageTest" name="testloginPageUI" time="19.131"/>
  <testcase classname="LoginPageTest" name="testLoginWithEmptyInputs" time="22.738"/>
  <testcase classname="LoginPageTest" name="testLoginWithEmptyUserName" time="19.505"/>
  <testcase classname="LoginPageTest" name="testLoginWithEmptyPassword" time="14.482"/>
  <testcase classname="LoginPageTest" name="testLoginWithInvalidCredentials" time="20.892"/>
  <testcase classname="LoginPageTest" name="testLoginWithValidCredentials" time="19.532"/>
</testsuite> <!-- LoginPageTest -->
