<?xml version="1.0" encoding="UTF-8"?>
<!-- Generated by org.testng.reporters.JUnitReportReporter -->
<testsuite hostname="LAPTOP-3V74QIF1" failures="0" tests="4" name="HomePageTest" time="100.510" errors="0" timestamp="2024-01-29T18:25:31 IST" skipped="0">
  <testcase classname="HomePageTest" name="testHeadingTexts" time="20.465"/>
  <testcase classname="HomePageTest" name="testPlayButton" time="17.669"/>
  <testcase classname="HomePageTest" name="testMoviesDisplay" time="34.921"/>
  <testcase classname="HomePageTest" name="testContactSection" time="27.455"/>
</testsuite> <!-- HomePageTest -->
