<?xml version="1.0" encoding="UTF-8"?>
<!-- Generated by org.testng.reporters.JUnitReportReporter -->
<testsuite hostname="LAPTOP-3V74QIF1" failures="0" tests="6" name="SearchPageTest" time="147.577" errors="0" timestamp="2024-01-29T18:25:31 IST" skipped="0">
  <testcase classname="SearchPageTest" name="testSearchFunctionality" time="25.375"/>
  <testcase classname="SearchPageTest" name="testSearchFunctionality" time="15.646"/>
  <testcase classname="SearchPageTest" name="testSearchFunctionality" time="17.080"/>
  <testcase classname="SearchPageTest" name="testSearchFunctionality" time="31.256"/>
  <testcase classname="SearchPageTest" name="testSearchFunctionality" time="34.486"/>
  <testcase classname="SearchPageTest" name="testMoviesNotFound" time="23.734"/>
</testsuite> <!-- SearchPageTest -->
